# JRE version: OpenJDK Runtime Environment (8.0_242-b01) (build 1.8.0_242-release-1644-b01)
# Java VM: OpenJDK 64-Bit Server VM (25.242-b01 mixed mode windows-amd64 compressed oops)
Heap:
 PSYoungGen      total 124416K, used 91279K [0x00000000d5580000, 0x00000000de280000, 0x0000000100000000)
  eden space 115200K, 71% used [0x00000000d5580000,0x00000000da5a4a78,0x00000000dc600000)
  from space 9216K, 99% used [0x00000000dd300000,0x00000000ddbff300,0x00000000ddc00000)
  to   space 13312K, 0% used [0x00000000dc600000,0x00000000dc600000,0x00000000dd300000)
 ParOldGen       total 52736K, used 22476K [0x0000000080000000, 0x0000000083380000, 0x00000000d5580000)
  object space 52736K, 42% used [0x0000000080000000,0x00000000815f3018,0x0000000083380000)
 Metaspace       used 52371K, capacity 54394K, committed 54568K, reserved 1095680K
  class space    used 6980K, capacity 7411K, committed 7472K, reserved 1048576K
GC Heap History (10 events):
Event: 12.996 GC heap before
{Heap before GC invocations=12 (full 1):
 PSYoungGen      total 75776K, used 75483K [0x00000000d5580000, 0x00000000db180000, 0x0000000100000000)
  eden space 69632K, 100% used [0x00000000d5580000,0x00000000d9980000,0x00000000d9980000)
  from space 6144K, 95% used [0x00000000dab80000,0x00000000db136d40,0x00000000db180000)
  to   space 6656K, 0% used [0x00000000da480000,0x00000000da480000,0x00000000dab00000)
 ParOldGen       total 36352K, used 11892K [0x0000000080000000, 0x0000000082380000, 0x00000000d5580000)
  object space 36352K, 32% used [0x0000000080000000,0x0000000080b9d248,0x0000000082380000)
 Metaspace       used 32638K, capacity 33668K, committed 33968K, reserved 1079296K
  class space    used 4441K, capacity 4686K, committed 4784K, reserved 1048576K
Event: 13.024 GC heap after
Heap after GC invocations=12 (full 1):
 PSYoungGen      total 87552K, used 6643K [0x00000000d5580000, 0x00000000dc300000, 0x0000000100000000)
  eden space 80896K, 0% used [0x00000000d5580000,0x00000000d5580000,0x00000000da480000)
  from space 6656K, 99% used [0x00000000da480000,0x00000000daafce30,0x00000000dab00000)
  to   space 8704K, 0% used [0x00000000dba80000,0x00000000dba80000,0x00000000dc300000)
 ParOldGen       total 36352K, used 14860K [0x0000000080000000, 0x0000000082380000, 0x00000000d5580000)
  object space 36352K, 40% used [0x0000000080000000,0x0000000080e83168,0x0000000082380000)
 Metaspace       used 32638K, capacity 33668K, committed 33968K, reserved 1079296K
  class space    used 4441K, capacity 4686K, committed 4784K, reserved 1048576K
}
Event: 13.726 GC heap before
{Heap before GC invocations=13 (full 1):
 PSYoungGen      total 87552K, used 41304K [0x00000000d5580000, 0x00000000dc300000, 0x0000000100000000)
  eden space 80896K, 42% used [0x00000000d5580000,0x00000000d7759218,0x00000000da480000)
  from space 6656K, 99% used [0x00000000da480000,0x00000000daafce30,0x00000000dab00000)
  to   space 8704K, 0% used [0x00000000dba80000,0x00000000dba80000,0x00000000dc300000)
 ParOldGen       total 36352K, used 14860K [0x0000000080000000, 0x0000000082380000, 0x00000000d5580000)
  object space 36352K, 40% used [0x0000000080000000,0x0000000080e83168,0x0000000082380000)
 Metaspace       used 34243K, capacity 35412K, committed 35496K, reserved 1079296K
  class space    used 4708K, capacity 5001K, committed 5040K, reserved 1048576K
Event: 13.742 GC heap after
Heap after GC invocations=13 (full 1):
 PSYoungGen      total 103424K, used 2503K [0x00000000d5580000, 0x00000000dd400000, 0x0000000100000000)
  eden space 94720K, 0% used [0x00000000d5580000,0x00000000d5580000,0x00000000db200000)
  from space 8704K, 28% used [0x00000000dba80000,0x00000000dbcf1c18,0x00000000dc300000)
  to   space 8704K, 0% used [0x00000000db200000,0x00000000db200000,0x00000000dba80000)
 ParOldGen       total 36352K, used 18779K [0x0000000080000000, 0x0000000082380000, 0x00000000d5580000)
  object space 36352K, 51% used [0x0000000080000000,0x0000000081256dd8,0x0000000082380000)
 Metaspace       used 34243K, capacity 35412K, committed 35496K, reserved 1079296K
  class space    used 4708K, capacity 5001K, committed 5040K, reserved 1048576K
}
Event: 13.742 GC heap before
{Heap before GC invocations=14 (full 2):
 PSYoungGen      total 103424K, used 2503K [0x00000000d5580000, 0x00000000dd400000, 0x0000000100000000)
  eden space 94720K, 0% used [0x00000000d5580000,0x00000000d5580000,0x00000000db200000)
  from space 8704K, 28% used [0x00000000dba80000,0x00000000dbcf1c18,0x00000000dc300000)
  to   space 8704K, 0% used [0x00000000db200000,0x00000000db200000,0x00000000dba80000)
 ParOldGen       total 36352K, used 18779K [0x0000000080000000, 0x0000000082380000, 0x00000000d5580000)
  object space 36352K, 51% used [0x0000000080000000,0x0000000081256dd8,0x0000000082380000)
 Metaspace       used 34243K, capacity 35412K, committed 35496K, reserved 1079296K
  class space    used 4708K, capacity 5001K, committed 5040K, reserved 1048576K
Event: 13.895 GC heap after
Heap after GC invocations=14 (full 2):
 PSYoungGen      total 103424K, used 0K [0x00000000d5580000, 0x00000000dd400000, 0x0000000100000000)
  eden space 94720K, 0% used [0x00000000d5580000,0x00000000d5580000,0x00000000db200000)
  from space 8704K, 0% used [0x00000000dba80000,0x00000000dba80000,0x00000000dc300000)
  to   space 8704K, 0% used [0x00000000db200000,0x00000000db200000,0x00000000dba80000)
 ParOldGen       total 52736K, used 14579K [0x0000000080000000, 0x0000000083380000, 0x00000000d5580000)
  object space 52736K, 27% used [0x0000000080000000,0x0000000080e3ce68,0x0000000083380000)
 Metaspace       used 34243K, capacity 35412K, committed 35496K, reserved 1079296K
  class space    used 4708K, capacity 5001K, committed 5040K, reserved 1048576K
}
Event: 16.405 GC heap before
{Heap before GC invocations=15 (full 2):
 PSYoungGen      total 103424K, used 94720K [0x00000000d5580000, 0x00000000dd400000, 0x0000000100000000)
  eden space 94720K, 100% used [0x00000000d5580000,0x00000000db200000,0x00000000db200000)
  from space 8704K, 0% used [0x00000000dba80000,0x00000000dba80000,0x00000000dc300000)
  to   space 8704K, 0% used [0x00000000db200000,0x00000000db200000,0x00000000dba80000)
 ParOldGen       total 52736K, used 14579K [0x0000000080000000, 0x0000000083380000, 0x00000000d5580000)
  object space 52736K, 27% used [0x0000000080000000,0x0000000080e3ce68,0x0000000083380000)
 Metaspace       used 36836K, capacity 38334K, committed 38440K, reserved 1083392K
  class space    used 5056K, capacity 5360K, committed 5424K, reserved 1048576K
Event: 16.449 GC heap after
Heap after GC invocations=15 (full 2):
 PSYoungGen      total 103424K, used 7327K [0x00000000d5580000, 0x00000000ddc00000, 0x0000000100000000)
  eden space 94720K, 0% used [0x00000000d5580000,0x00000000d5580000,0x00000000db200000)
  from space 8704K, 84% used [0x00000000db200000,0x00000000db927fe8,0x00000000dba80000)
  to   space 9216K, 0% used [0x00000000dd300000,0x00000000dd300000,0x00000000ddc00000)
 ParOldGen       total 52736K, used 14587K [0x0000000080000000, 0x0000000083380000, 0x00000000d5580000)
  object space 52736K, 27% used [0x0000000080000000,0x0000000080e3ee68,0x0000000083380000)
 Metaspace       used 36836K, capacity 38334K, committed 38440K, reserved 1083392K
  class space    used 5056K, capacity 5360K, committed 5424K, reserved 1048576K
}
Event: 20.317 GC heap before
{Heap before GC invocations=16 (full 2):
 PSYoungGen      total 103424K, used 102047K [0x00000000d5580000, 0x00000000ddc00000, 0x0000000100000000)
  eden space 94720K, 100% used [0x00000000d5580000,0x00000000db200000,0x00000000db200000)
  from space 8704K, 84% used [0x00000000db200000,0x00000000db927fe8,0x00000000dba80000)
  to   space 9216K, 0% used [0x00000000dd300000,0x00000000dd300000,0x00000000ddc00000)
 ParOldGen       total 52736K, used 14587K [0x0000000080000000, 0x0000000083380000, 0x00000000d5580000)
  object space 52736K, 27% used [0x0000000080000000,0x0000000080e3ee68,0x0000000083380000)
 Metaspace       used 46607K, capacity 48412K, committed 48680K, reserved 1091584K
  class space    used 6284K, capacity 6676K, committed 6704K, reserved 1048576K
Event: 20.353 GC heap after
Heap after GC invocations=16 (full 2):
 PSYoungGen      total 124416K, used 9212K [0x00000000d5580000, 0x00000000de280000, 0x0000000100000000)
  eden space 115200K, 0% used [0x00000000d5580000,0x00000000d5580000,0x00000000dc600000)
  from space 9216K, 99% used [0x00000000dd300000,0x00000000ddbff300,0x00000000ddc00000)
  to   space 13312K, 0% used [0x00000000dc600000,0x00000000dc600000,0x00000000dd300000)
 ParOldGen       total 52736K, used 22476K [0x0000000080000000, 0x0000000083380000, 0x00000000d5580000)
  object space 52736K, 42% used [0x0000000080000000,0x00000000815f3018,0x0000000083380000)
 Metaspace       used 46607K, capacity 48412K, committed 48680K, reserved 1091584K
  class space    used 6284K, capacity 6676K, committed 6704K, reserved 1048576K
}

