# JRE version: OpenJDK Runtime Environment (8.0_242-b01) (build 1.8.0_242-release-1644-b01)
# Java VM: OpenJDK 64-Bit Server VM (25.242-b01 mixed mode windows-amd64 compressed oops)
Heap:
 PSYoungGen      total 249856K, used 28362K [0x00000000d5580000, 0x00000000e7100000, 0x0000000100000000)
  eden space 232448K, 12% used [0x00000000d5580000,0x00000000d71328b0,0x00000000e3880000)
  from space 17408K, 0% used [0x00000000e5000000,0x00000000e5000000,0x00000000e6100000)
  to   space 24064K, 0% used [0x00000000e3880000,0x00000000e3880000,0x00000000e5000000)
 ParOldGen       total 93696K, used 40267K [0x0000000080000000, 0x0000000085b80000, 0x00000000d5580000)
  object space 93696K, 42% used [0x0000000080000000,0x0000000082752c60,0x0000000085b80000)
 Metaspace       used 58763K, capacity 61162K, committed 61336K, reserved 1101824K
  class space    used 8109K, capacity 8620K, committed 8624K, reserved 1048576K
GC Heap History (10 events):
Event: 14.000 GC heap before
{Heap before GC invocations=9 (full 1):
 PSYoungGen      total 126976K, used 50911K [0x00000000d5580000, 0x00000000e2680000, 0x0000000100000000)
  eden space 117760K, 35% used [0x00000000d5580000,0x00000000d7e3b360,0x00000000dc880000)
  from space 9216K, 99% used [0x00000000dc880000,0x00000000dd17cbf8,0x00000000dd180000)
  to   space 12800K, 0% used [0x00000000e1a00000,0x00000000e1a00000,0x00000000e2680000)
 ParOldGen       total 42496K, used 20110K [0x0000000080000000, 0x0000000082980000, 0x00000000d5580000)
  object space 42496K, 47% used [0x0000000080000000,0x00000000813a3be8,0x0000000082980000)
 Metaspace       used 34248K, capacity 35412K, committed 35496K, reserved 1079296K
  class space    used 4713K, capacity 5001K, committed 5040K, reserved 1048576K
Event: 14.022 GC heap after
Heap after GC invocations=9 (full 1):
 PSYoungGen      total 200704K, used 8231K [0x00000000d5580000, 0x00000000e2780000, 0x0000000100000000)
  eden space 187904K, 0% used [0x00000000d5580000,0x00000000d5580000,0x00000000e0d00000)
  from space 12800K, 64% used [0x00000000e1a00000,0x00000000e2209c18,0x00000000e2680000)
  to   space 13312K, 0% used [0x00000000e0d00000,0x00000000e0d00000,0x00000000e1a00000)
 ParOldGen       total 42496K, used 20118K [0x0000000080000000, 0x0000000082980000, 0x00000000d5580000)
  object space 42496K, 47% used [0x0000000080000000,0x00000000813a5be8,0x0000000082980000)
 Metaspace       used 34248K, capacity 35412K, committed 35496K, reserved 1079296K
  class space    used 4713K, capacity 5001K, committed 5040K, reserved 1048576K
}
Event: 14.022 GC heap before
{Heap before GC invocations=10 (full 2):
 PSYoungGen      total 200704K, used 8231K [0x00000000d5580000, 0x00000000e2780000, 0x0000000100000000)
  eden space 187904K, 0% used [0x00000000d5580000,0x00000000d5580000,0x00000000e0d00000)
  from space 12800K, 64% used [0x00000000e1a00000,0x00000000e2209c18,0x00000000e2680000)
  to   space 13312K, 0% used [0x00000000e0d00000,0x00000000e0d00000,0x00000000e1a00000)
 ParOldGen       total 42496K, used 20118K [0x0000000080000000, 0x0000000082980000, 0x00000000d5580000)
  object space 42496K, 47% used [0x0000000080000000,0x00000000813a5be8,0x0000000082980000)
 Metaspace       used 34248K, capacity 35412K, committed 35496K, reserved 1079296K
  class space    used 4713K, capacity 5001K, committed 5040K, reserved 1048576K
Event: 14.155 GC heap after
Heap after GC invocations=10 (full 2):
 PSYoungGen      total 200704K, used 0K [0x00000000d5580000, 0x00000000e2780000, 0x0000000100000000)
  eden space 187904K, 0% used [0x00000000d5580000,0x00000000d5580000,0x00000000e0d00000)
  from space 12800K, 0% used [0x00000000e1a00000,0x00000000e1a00000,0x00000000e2680000)
  to   space 13312K, 0% used [0x00000000e0d00000,0x00000000e0d00000,0x00000000e1a00000)
 ParOldGen       total 52736K, used 14538K [0x0000000080000000, 0x0000000083380000, 0x00000000d5580000)
  object space 52736K, 27% used [0x0000000080000000,0x0000000080e32b80,0x0000000083380000)
 Metaspace       used 34248K, capacity 35412K, committed 35496K, reserved 1079296K
  class space    used 4713K, capacity 5001K, committed 5040K, reserved 1048576K
}
Event: 19.975 GC heap before
{Heap before GC invocations=11 (full 2):
 PSYoungGen      total 200704K, used 187904K [0x00000000d5580000, 0x00000000e2780000, 0x0000000100000000)
  eden space 187904K, 100% used [0x00000000d5580000,0x00000000e0d00000,0x00000000e0d00000)
  from space 12800K, 0% used [0x00000000e1a00000,0x00000000e1a00000,0x00000000e2680000)
  to   space 13312K, 0% used [0x00000000e0d00000,0x00000000e0d00000,0x00000000e1a00000)
 ParOldGen       total 52736K, used 14538K [0x0000000080000000, 0x0000000083380000, 0x00000000d5580000)
  object space 52736K, 27% used [0x0000000080000000,0x0000000080e32b80,0x0000000083380000)
 Metaspace       used 45595K, capacity 47420K, committed 47528K, reserved 1089536K
  class space    used 6155K, capacity 6504K, committed 6576K, reserved 1048576K
Event: 20.053 GC heap after
Heap after GC invocations=11 (full 2):
 PSYoungGen      total 201216K, used 13296K [0x00000000d5580000, 0x00000000e6100000, 0x0000000100000000)
  eden space 187904K, 0% used [0x00000000d5580000,0x00000000d5580000,0x00000000e0d00000)
  from space 13312K, 99% used [0x00000000e0d00000,0x00000000e19fc3d8,0x00000000e1a00000)
  to   space 17408K, 0% used [0x00000000e5000000,0x00000000e5000000,0x00000000e6100000)
 ParOldGen       total 52736K, used 19278K [0x0000000080000000, 0x0000000083380000, 0x00000000d5580000)
  object space 52736K, 36% used [0x0000000080000000,0x00000000812d3810,0x0000000083380000)
 Metaspace       used 45595K, capacity 47420K, committed 47528K, reserved 1089536K
  class space    used 6155K, capacity 6504K, committed 6576K, reserved 1048576K
}
Event: 25.669 GC heap before
{Heap before GC invocations=12 (full 2):
 PSYoungGen      total 201216K, used 188962K [0x00000000d5580000, 0x00000000e6100000, 0x0000000100000000)
  eden space 187904K, 93% used [0x00000000d5580000,0x00000000e010c4d8,0x00000000e0d00000)
  from space 13312K, 99% used [0x00000000e0d00000,0x00000000e19fc3d8,0x00000000e1a00000)
  to   space 17408K, 0% used [0x00000000e5000000,0x00000000e5000000,0x00000000e6100000)
 ParOldGen       total 52736K, used 19278K [0x0000000080000000, 0x0000000083380000, 0x00000000d5580000)
  object space 52736K, 36% used [0x0000000080000000,0x00000000812d3810,0x0000000083380000)
 Metaspace       used 56739K, capacity 59090K, committed 59160K, reserved 1099776K
  class space    used 7742K, capacity 8218K, committed 8240K, reserved 1048576K
Event: 25.790 GC heap after
Heap after GC invocations=12 (full 2):
 PSYoungGen      total 249856K, used 17388K [0x00000000d5580000, 0x00000000e7100000, 0x0000000100000000)
  eden space 232448K, 0% used [0x00000000d5580000,0x00000000d5580000,0x00000000e3880000)
  from space 17408K, 99% used [0x00000000e5000000,0x00000000e60fb330,0x00000000e6100000)
  to   space 24064K, 0% used [0x00000000e3880000,0x00000000e3880000,0x00000000e5000000)
 ParOldGen       total 52736K, used 30384K [0x0000000080000000, 0x0000000083380000, 0x00000000d5580000)
  object space 52736K, 57% used [0x0000000080000000,0x0000000081dac350,0x0000000083380000)
 Metaspace       used 56739K, capacity 59090K, committed 59160K, reserved 1099776K
  class space    used 7742K, capacity 8218K, committed 8240K, reserved 1048576K
}
Event: 25.791 GC heap before
{Heap before GC invocations=13 (full 3):
 PSYoungGen      total 249856K, used 17388K [0x00000000d5580000, 0x00000000e7100000, 0x0000000100000000)
  eden space 232448K, 0% used [0x00000000d5580000,0x00000000d5580000,0x00000000e3880000)
  from space 17408K, 99% used [0x00000000e5000000,0x00000000e60fb330,0x00000000e6100000)
  to   space 24064K, 0% used [0x00000000e3880000,0x00000000e3880000,0x00000000e5000000)
 ParOldGen       total 52736K, used 30384K [0x0000000080000000, 0x0000000083380000, 0x00000000d5580000)
  object space 52736K, 57% used [0x0000000080000000,0x0000000081dac350,0x0000000083380000)
 Metaspace       used 56739K, capacity 59090K, committed 59160K, reserved 1099776K
  class space    used 7742K, capacity 8218K, committed 8240K, reserved 1048576K
Event: 26.255 GC heap after
Heap after GC invocations=13 (full 3):
 PSYoungGen      total 249856K, used 0K [0x00000000d5580000, 0x00000000e7100000, 0x0000000100000000)
  eden space 232448K, 0% used [0x00000000d5580000,0x00000000d5580000,0x00000000e3880000)
  from space 17408K, 0% used [0x00000000e5000000,0x00000000e5000000,0x00000000e6100000)
  to   space 24064K, 0% used [0x00000000e3880000,0x00000000e3880000,0x00000000e5000000)
 ParOldGen       total 93696K, used 40267K [0x0000000080000000, 0x0000000085b80000, 0x00000000d5580000)
  object space 93696K, 42% used [0x0000000080000000,0x0000000082752c60,0x0000000085b80000)
 Metaspace       used 56737K, capacity 59084K, committed 59160K, reserved 1099776K
  class space    used 7742K, capacity 8217K, committed 8240K, reserved 1048576K
}

