# JRE version: OpenJDK Runtime Environment (8.0_242-b01) (build 1.8.0_242-release-1644-b01)
# Java VM: OpenJDK 64-Bit Server VM (25.242-b01 mixed mode windows-amd64 compressed oops)
Heap:
 PSYoungGen      total 225792K, used 3517K [0x00000000d5580000, 0x00000000ea400000, 0x0000000100000000)
  eden space 207872K, 1% used [0x00000000d5580000,0x00000000d58ef580,0x00000000e2080000)
  from space 17920K, 0% used [0x00000000e2080000,0x00000000e2080000,0x00000000e3200000)
  to   space 38912K, 0% used [0x00000000e7e00000,0x00000000e7e00000,0x00000000ea400000)
 ParOldGen       total 94208K, used 56090K [0x0000000080000000, 0x0000000085c00000, 0x00000000d5580000)
  object space 94208K, 59% used [0x0000000080000000,0x00000000836c6808,0x0000000085c00000)
 Metaspace       used 74584K, capacity 77896K, committed 78040K, reserved 1116160K
  class space    used 9835K, capacity 10470K, committed 10496K, reserved 1048576K
GC Heap History (10 events):
Event: 53.935 GC heap before
{Heap before GC invocations=20 (full 3):
 PSYoungGen      total 180736K, used 179531K [0x00000000d5580000, 0x00000000e1e80000, 0x0000000100000000)
  eden space 166912K, 100% used [0x00000000d5580000,0x00000000df880000,0x00000000df880000)
  from space 13824K, 91% used [0x00000000e1100000,0x00000000e1d52ec0,0x00000000e1e80000)
  to   space 19456K, 0% used [0x00000000df880000,0x00000000df880000,0x00000000e0b80000)
 ParOldGen       total 79360K, used 33197K [0x0000000080000000, 0x0000000084d80000, 0x00000000d5580000)
  object space 79360K, 41% used [0x0000000080000000,0x000000008206b598,0x0000000084d80000)
 Metaspace       used 68671K, capacity 71766K, committed 72024K, reserved 1112064K
  class space    used 9225K, capacity 9831K, committed 9856K, reserved 1048576K
Event: 54.597 GC heap after
Heap after GC invocations=20 (full 3):
 PSYoungGen      total 186368K, used 7964K [0x00000000d5580000, 0x00000000e4780000, 0x0000000100000000)
  eden space 166912K, 0% used [0x00000000d5580000,0x00000000d5580000,0x00000000df880000)
  from space 19456K, 40% used [0x00000000df880000,0x00000000e0047340,0x00000000e0b80000)
  to   space 17920K, 0% used [0x00000000e3600000,0x00000000e3600000,0x00000000e4780000)
 ParOldGen       total 79360K, used 40311K [0x0000000080000000, 0x0000000084d80000, 0x00000000d5580000)
  object space 79360K, 50% used [0x0000000080000000,0x000000008275dc18,0x0000000084d80000)
 Metaspace       used 68671K, capacity 71766K, committed 72024K, reserved 1112064K
  class space    used 9225K, capacity 9831K, committed 9856K, reserved 1048576K
}
Event: 167.978 GC heap before
{Heap before GC invocations=21 (full 3):
 PSYoungGen      total 186368K, used 174876K [0x00000000d5580000, 0x00000000e4780000, 0x0000000100000000)
  eden space 166912K, 100% used [0x00000000d5580000,0x00000000df880000,0x00000000df880000)
  from space 19456K, 40% used [0x00000000df880000,0x00000000e0047340,0x00000000e0b80000)
  to   space 17920K, 0% used [0x00000000e3600000,0x00000000e3600000,0x00000000e4780000)
 ParOldGen       total 79360K, used 40311K [0x0000000080000000, 0x0000000084d80000, 0x00000000d5580000)
  object space 79360K, 50% used [0x0000000080000000,0x000000008275dc18,0x0000000084d80000)
 Metaspace       used 69892K, capacity 73056K, committed 73304K, reserved 1112064K
  class space    used 9254K, capacity 9856K, committed 9856K, reserved 1048576K
Event: 168.281 GC heap after
Heap after GC invocations=21 (full 3):
 PSYoungGen      total 221696K, used 10076K [0x00000000d5580000, 0x00000000e4380000, 0x0000000100000000)
  eden space 207872K, 0% used [0x00000000d5580000,0x00000000d5580000,0x00000000e2080000)
  from space 13824K, 72% used [0x00000000e3600000,0x00000000e3fd7180,0x00000000e4380000)
  to   space 17920K, 0% used [0x00000000e2080000,0x00000000e2080000,0x00000000e3200000)
 ParOldGen       total 79360K, used 44995K [0x0000000080000000, 0x0000000084d80000, 0x00000000d5580000)
  object space 79360K, 56% used [0x0000000080000000,0x0000000082bf0d20,0x0000000084d80000)
 Metaspace       used 69892K, capacity 73056K, committed 73304K, reserved 1112064K
  class space    used 9254K, capacity 9856K, committed 9856K, reserved 1048576K
}
Event: 179.645 GC heap before
{Heap before GC invocations=22 (full 3):
 PSYoungGen      total 221696K, used 217678K [0x00000000d5580000, 0x00000000e4380000, 0x0000000100000000)
  eden space 207872K, 99% used [0x00000000d5580000,0x00000000e203c700,0x00000000e2080000)
  from space 13824K, 72% used [0x00000000e3600000,0x00000000e3fd7180,0x00000000e4380000)
  to   space 17920K, 0% used [0x00000000e2080000,0x00000000e2080000,0x00000000e3200000)
 ParOldGen       total 79360K, used 44995K [0x0000000080000000, 0x0000000084d80000, 0x00000000d5580000)
  object space 79360K, 56% used [0x0000000080000000,0x0000000082bf0d20,0x0000000084d80000)
 Metaspace       used 70313K, capacity 73528K, committed 73688K, reserved 1114112K
  class space    used 9279K, capacity 9924K, committed 9984K, reserved 1048576K
Event: 180.811 GC heap after
Heap after GC invocations=22 (full 3):
 PSYoungGen      total 225792K, used 17901K [0x00000000d5580000, 0x00000000ea400000, 0x0000000100000000)
  eden space 207872K, 0% used [0x00000000d5580000,0x00000000d5580000,0x00000000e2080000)
  from space 17920K, 99% used [0x00000000e2080000,0x00000000e31fb538,0x00000000e3200000)
  to   space 38912K, 0% used [0x00000000e7e00000,0x00000000e7e00000,0x00000000ea400000)
 ParOldGen       total 94208K, used 93809K [0x0000000080000000, 0x0000000085c00000, 0x00000000d5580000)
  object space 94208K, 99% used [0x0000000080000000,0x0000000085b9c7a8,0x0000000085c00000)
 Metaspace       used 70313K, capacity 73528K, committed 73688K, reserved 1114112K
  class space    used 9279K, capacity 9924K, committed 9984K, reserved 1048576K
}
Event: 180.823 GC heap before
{Heap before GC invocations=23 (full 4):
 PSYoungGen      total 225792K, used 17901K [0x00000000d5580000, 0x00000000ea400000, 0x0000000100000000)
  eden space 207872K, 0% used [0x00000000d5580000,0x00000000d5580000,0x00000000e2080000)
  from space 17920K, 99% used [0x00000000e2080000,0x00000000e31fb538,0x00000000e3200000)
  to   space 38912K, 0% used [0x00000000e7e00000,0x00000000e7e00000,0x00000000ea400000)
 ParOldGen       total 94208K, used 93809K [0x0000000080000000, 0x0000000085c00000, 0x00000000d5580000)
  object space 94208K, 99% used [0x0000000080000000,0x0000000085b9c7a8,0x0000000085c00000)
 Metaspace       used 70313K, capacity 73528K, committed 73688K, reserved 1114112K
  class space    used 9279K, capacity 9924K, committed 9984K, reserved 1048576K
Event: 189.201 GC heap after
Heap after GC invocations=23 (full 4):
 PSYoungGen      total 225792K, used 12225K [0x00000000d5580000, 0x00000000ea400000, 0x0000000100000000)
  eden space 207872K, 0% used [0x00000000d5580000,0x00000000d5580000,0x00000000e2080000)
  from space 17920K, 68% used [0x00000000e2080000,0x00000000e2c70550,0x00000000e3200000)
  to   space 38912K, 0% used [0x00000000e7e00000,0x00000000e7e00000,0x00000000ea400000)
 ParOldGen       total 94208K, used 94173K [0x0000000080000000, 0x0000000085c00000, 0x00000000d5580000)
  object space 94208K, 99% used [0x0000000080000000,0x0000000085bf77b0,0x0000000085c00000)
 Metaspace       used 70311K, capacity 73522K, committed 73688K, reserved 1114112K
  class space    used 9279K, capacity 9923K, committed 9984K, reserved 1048576K
}
Event: 202.898 GC heap before
{Heap before GC invocations=24 (full 5):
 PSYoungGen      total 225792K, used 220097K [0x00000000d5580000, 0x00000000ea400000, 0x0000000100000000)
  eden space 207872K, 100% used [0x00000000d5580000,0x00000000e2080000,0x00000000e2080000)
  from space 17920K, 68% used [0x00000000e2080000,0x00000000e2c70550,0x00000000e3200000)
  to   space 38912K, 0% used [0x00000000e7e00000,0x00000000e7e00000,0x00000000ea400000)
 ParOldGen       total 94208K, used 94173K [0x0000000080000000, 0x0000000085c00000, 0x00000000d5580000)
  object space 94208K, 99% used [0x0000000080000000,0x0000000085bf77b0,0x0000000085c00000)
 Metaspace       used 74584K, capacity 77896K, committed 78040K, reserved 1116160K
  class space    used 9835K, capacity 10470K, committed 10496K, reserved 1048576K
Event: 203.253 GC heap after
Heap after GC invocations=24 (full 5):
 PSYoungGen      total 225792K, used 0K [0x00000000d5580000, 0x00000000ea400000, 0x0000000100000000)
  eden space 207872K, 0% used [0x00000000d5580000,0x00000000d5580000,0x00000000e2080000)
  from space 17920K, 0% used [0x00000000e2080000,0x00000000e2080000,0x00000000e3200000)
  to   space 38912K, 0% used [0x00000000e7e00000,0x00000000e7e00000,0x00000000ea400000)
 ParOldGen       total 94208K, used 56090K [0x0000000080000000, 0x0000000085c00000, 0x00000000d5580000)
  object space 94208K, 59% used [0x0000000080000000,0x00000000836c6808,0x0000000085c00000)
 Metaspace       used 74584K, capacity 77896K, committed 78040K, reserved 1116160K
  class space    used 9835K, capacity 10470K, committed 10496K, reserved 1048576K
}

